\BOOKMARK [0][-]{chapter*.1}{ACKNOWLEDGEMENTS}{}% 1
\BOOKMARK [0][-]{chapter*.2}{ABSTRACT}{}% 2
\BOOKMARK [0][-]{chapter*.4}{LIST OF TABLES}{}% 3
\BOOKMARK [0][-]{chapter*.5}{LIST OF FIGURES}{}% 4
\BOOKMARK [0][-]{chapter*.6}{ABBREVIATIONS}{}% 5
\BOOKMARK [0][-]{chapter.1}{INTRODUCTION}{}% 6
\BOOKMARK [1][-]{section.1.1}{Overview}{chapter.1}% 7
\BOOKMARK [1][-]{section.1.2}{Motivation}{chapter.1}% 8
\BOOKMARK [1][-]{section.1.3}{Major Contribution}{chapter.1}% 9
\BOOKMARK [1][-]{section.1.4}{Organization of Thesis}{chapter.1}% 10
\BOOKMARK [0][-]{chapter.2}{Sub-Graph Isomorphism}{}% 11
\BOOKMARK [1][-]{section.2.1}{Problem}{chapter.2}% 12
\BOOKMARK [1][-]{section.2.2}{Related Work}{chapter.2}% 13
\BOOKMARK [2][-]{subsection.2.2.1}{Generic Algorithm}{section.2.2}% 14
\BOOKMARK [2][-]{subsection.2.2.2}{Ullmann Algorithm}{section.2.2}% 15
\BOOKMARK [2][-]{subsection.2.2.3}{VF2 Algorithm}{section.2.2}% 16
\BOOKMARK [2][-]{subsection.2.2.4}{QucikSi Algorithm}{section.2.2}% 17
\BOOKMARK [2][-]{subsection.2.2.5}{GADDI Algorithm}{section.2.2}% 18
\BOOKMARK [2][-]{subsection.2.2.6}{GraphQL Algorithm}{section.2.2}% 19
\BOOKMARK [2][-]{subsection.2.2.7}{SPath Algorithm}{section.2.2}% 20
\BOOKMARK [2][-]{subsection.2.2.8}{STWig Algorithm}{section.2.2}% 21
\BOOKMARK [1][-]{section.2.3}{Implemented Algorithm}{chapter.2}% 22
\BOOKMARK [2][-]{subsection.2.3.1}{TurboIso}{section.2.3}% 23
\BOOKMARK [2][-]{subsection.2.3.2}{Inferences}{section.2.3}% 24
\BOOKMARK [0][-]{chapter.3}{Prallel Implementation}{}% 25
\BOOKMARK [1][-]{section.3.1}{Introduction}{chapter.3}% 26
\BOOKMARK [1][-]{section.3.2}{Algorithm}{chapter.3}% 27
\BOOKMARK [1][-]{section.3.3}{Inferences}{chapter.3}% 28
\BOOKMARK [1][-]{section.3.4}{Failed Approach}{chapter.3}% 29
\BOOKMARK [0][-]{chapter.4}{Dynamic Operations}{}% 30
\BOOKMARK [1][-]{section.4.1}{Introduction}{chapter.4}% 31
\BOOKMARK [1][-]{section.4.2}{Intermediate Answers}{chapter.4}% 32
\BOOKMARK [1][-]{section.4.3}{Adding Edge to Query Graph}{chapter.4}% 33
\BOOKMARK [1][-]{section.4.4}{Deleting Edge from Data Graph}{chapter.4}% 34
\BOOKMARK [1][-]{section.4.5}{Deleting Edge from Query Graph}{chapter.4}% 35
\BOOKMARK [2][-]{subsection.4.5.1}{Deleting a non-tree edge}{section.4.5}% 36
\BOOKMARK [2][-]{subsection.4.5.2}{Deleting a tree edge}{section.4.5}% 37
\BOOKMARK [1][-]{section.4.6}{Adding Edge in Data Graph}{chapter.4}% 38
\BOOKMARK [2][-]{subsection.4.6.1}{Parallel Execution}{section.4.6}% 39
\BOOKMARK [2][-]{subsection.4.6.2}{Inferences}{section.4.6}% 40
\BOOKMARK [0][-]{chapter.5}{CONCLUSION}{}% 41
\BOOKMARK [1][-]{section.5.1}{Conclusion}{chapter.5}% 42
